<?xml version="1.0" encoding="UTF-8" ?>
<testsuites name="vitest tests" tests="22" failures="0" errors="0" time="0.0064582">
    <testsuite name="src/__tests__/workflows.test.ts" timestamp="2026-03-22T02:50:27.638Z" hostname="Natas" tests="22" failures="0" errors="0" skipped="0" time="0.0064582">
        <testcase classname="src/__tests__/workflows.test.ts" name="BuildSpec Interface &gt; should accept valid BuildSpec" time="0.0017508">
        </testcase>
        <testcase classname="src/__tests__/workflows.test.ts" name="BuildSpec Interface &gt; should support subscription billing mode" time="0.0001689">
        </testcase>
        <testcase classname="src/__tests__/workflows.test.ts" name="BuildSpec Interface &gt; should support usage billing mode" time="0.000084">
        </testcase>
        <testcase classname="src/__tests__/workflows.test.ts" name="Activity Input Validation &gt; should validate GenerateSpecInput" time="0.0001989">
        </testcase>
        <testcase classname="src/__tests__/workflows.test.ts" name="Activity Input Validation &gt; should validate ScaffoldProjectInput" time="0.0001387">
        </testcase>
        <testcase classname="src/__tests__/workflows.test.ts" name="Activity Input Validation &gt; should validate DeployInput" time="0.0000809">
        </testcase>
        <testcase classname="src/__tests__/workflows.test.ts" name="Activity Output Validation &gt; should validate GenerateSpecOutput" time="0.0001689">
        </testcase>
        <testcase classname="src/__tests__/workflows.test.ts" name="Activity Output Validation &gt; should validate ScaffoldProjectOutput" time="0.000094">
        </testcase>
        <testcase classname="src/__tests__/workflows.test.ts" name="Activity Output Validation &gt; should validate BuildUIOutput" time="0.0003219">
        </testcase>
        <testcase classname="src/__tests__/workflows.test.ts" name="Activity Output Validation &gt; should validate RunTestsOutput" time="0.0002285">
        </testcase>
        <testcase classname="src/__tests__/workflows.test.ts" name="Activity Output Validation &gt; should validate DeployOutput" time="0.0001436">
        </testcase>
        <testcase classname="src/__tests__/workflows.test.ts" name="BuildResult Interface &gt; should handle success result" time="0.0000811">
        </testcase>
        <testcase classname="src/__tests__/workflows.test.ts" name="BuildResult Interface &gt; should handle error result" time="0.0000814">
        </testcase>
        <testcase classname="src/__tests__/workflows.test.ts" name="Workflow Sequence &gt; should define correct phase order" time="0.0003047">
        </testcase>
        <testcase classname="src/__tests__/workflows.test.ts" name="Workflow Sequence &gt; should have sequential dependencies" time="0.0001345">
        </testcase>
        <testcase classname="src/__tests__/workflows.test.ts" name="Activity Stubs with Metrics &gt; SetupPhaseOutput should include metricsId" time="0.0000796">
        </testcase>
        <testcase classname="src/__tests__/workflows.test.ts" name="Activity Stubs with Metrics &gt; RunAgentWorkInput should accept optional metricsId" time="0.0000365">
        </testcase>
        <testcase classname="src/__tests__/workflows.test.ts" name="Activity Stubs with Metrics &gt; CompletePhaseInput should accept optional metricsId" time="0.0000336">
        </testcase>
        <testcase classname="src/__tests__/workflows.test.ts" name="Deployment Activity Stubs &gt; PrepareDeploymentInput should have projectId" time="0.0000311">
        </testcase>
        <testcase classname="src/__tests__/workflows.test.ts" name="Deployment Activity Stubs &gt; PrepareDeploymentOutput should return options and stack" time="0.0000924">
        </testcase>
        <testcase classname="src/__tests__/workflows.test.ts" name="Deployment Activity Stubs &gt; ExecuteDeploymentInput should have strategy" time="0.0000376">
        </testcase>
        <testcase classname="src/__tests__/workflows.test.ts" name="Deployment Activity Stubs &gt; ExecuteDeploymentOutput should have success and url" time="0.0005391">
        </testcase>
    </testsuite>
</testsuites>
